<?xml version="1.0" encoding="UTF-8"?>
<!-- Generated by org.testng.reporters.JUnitReportReporter -->
<testsuite skipped="2" hostname="LAPTOP-DQ25KTNT" name="com.qa.restassured.Tesla.rentalcarstests.RentalCarsTests" tests="6" failures="0" timestamp="13 Sep 2020 05:41:59 GMT" time="10.857" errors="0">
  <testcase name="getRequest_Returns_ListOf_AllCars" time="3.294" classname="com.qa.restassured.Tesla.rentalcarstests.RentalCarsTests"/>
  <testcase name="getRequest_Returns_TeslaCarsWith_BlueColor_And_Notes" time="1.585" classname="com.qa.restassured.Tesla.rentalcarstests.RentalCarsTests"/>
  <testcase name="getRequest_Returns_CarsOf_LowestPerDayRent_WithPriceAnd_WithPriceAfterDiscount" time="2.590" classname="com.qa.restassured.Tesla.rentalcarstests.RentalCarsTests"/>
  <testcase name="getRequest_Returns_CarsWith_HighestRevenue_ForFullYear" time="3.388" classname="com.qa.restassured.Tesla.rentalcarstests.RentalCarsTests"/>
  <testcase name="getRequest_Returns_CarsWith_Lowest_PerDayRent" classname="com.qa.restassured.Tesla.rentalcarstests.RentalCarsTests">
    <skipped/>
  </testcase> <!-- getRequest_Returns_CarsWith_Lowest_PerDayRent -->
  <testcase name="getRequest_Returns_CarsWith_HighestRevenue" classname="com.qa.restassured.Tesla.rentalcarstests.RentalCarsTests">
    <skipped/>
  </testcase> <!-- getRequest_Returns_CarsWith_HighestRevenue -->
</testsuite> <!-- com.qa.restassured.Tesla.rentalcarstests.RentalCarsTests -->
